2022-09-14 21:35:17,762 ERROR Hippodrome:Horses list is null
2022-09-14 21:35:17,808 DEBUG Horse:Создание Horse, имя [horse 0}], скорость [18.858515965228065}],
2022-09-14 21:35:17,808 DEBUG Horse:Создание Horse, имя [horse 1}], скорость [16.379425177226924}],
2022-09-14 21:35:17,809 DEBUG Horse:Создание Horse, имя [horse 2}], скорость [10.477663176180275}],
2022-09-14 21:35:17,809 DEBUG Horse:Создание Horse, имя [horse 3}], скорость [12.580439427216875}],
2022-09-14 21:35:17,810 DEBUG Horse:Создание Horse, имя [horse 4}], скорость [10.103249198535774}],
2022-09-14 21:35:17,810 DEBUG Horse:Создание Horse, имя [horse 5}], скорость [18.966537835761272}],
2022-09-14 21:35:17,811 DEBUG Horse:Создание Horse, имя [horse 6}], скорость [16.414124724624457}],
2022-09-14 21:35:17,811 DEBUG Horse:Создание Horse, имя [horse 7}], скорость [18.86346724943801}],
2022-09-14 21:35:17,812 DEBUG Horse:Создание Horse, имя [horse 8}], скорость [14.775415561105554}],
2022-09-14 21:35:17,812 DEBUG Horse:Создание Horse, имя [horse 9}], скорость [14.914103183675822}],
2022-09-14 21:35:17,813 DEBUG Horse:Создание Horse, имя [horse 10}], скорость [11.474190151548076}],
2022-09-14 21:35:17,813 DEBUG Horse:Создание Horse, имя [horse 11}], скорость [12.504082310960367}],
2022-09-14 21:35:17,813 DEBUG Horse:Создание Horse, имя [horse 12}], скорость [16.996904429301146}],
2022-09-14 21:35:17,813 DEBUG Horse:Создание Horse, имя [horse 13}], скорость [10.460124114249233}],
2022-09-14 21:35:17,814 DEBUG Horse:Создание Horse, имя [horse 14}], скорость [19.458663757725496}],
2022-09-14 21:35:17,814 DEBUG Horse:Создание Horse, имя [horse 15}], скорость [12.280683753839567}],
2022-09-14 21:35:17,814 DEBUG Horse:Создание Horse, имя [horse 16}], скорость [10.130564747466988}],
2022-09-14 21:35:17,814 DEBUG Horse:Создание Horse, имя [horse 17}], скорость [19.6843093798161}],
2022-09-14 21:35:17,814 DEBUG Horse:Создание Horse, имя [horse 18}], скорость [14.092347604614684}],
2022-09-14 21:35:17,815 DEBUG Horse:Создание Horse, имя [horse 19}], скорость [11.048170604296054}],
2022-09-14 21:35:17,815 DEBUG Horse:Создание Horse, имя [horse 20}], скорость [16.62307643794453}],
2022-09-14 21:35:17,815 DEBUG Horse:Создание Horse, имя [horse 21}], скорость [12.633045965971732}],
2022-09-14 21:35:17,815 DEBUG Horse:Создание Horse, имя [horse 22}], скорость [13.948590313821223}],
2022-09-14 21:35:17,816 DEBUG Horse:Создание Horse, имя [horse 23}], скорость [16.5332802576573}],
2022-09-14 21:35:17,816 DEBUG Horse:Создание Horse, имя [horse 24}], скорость [19.463277285413383}],
2022-09-14 21:35:17,816 DEBUG Horse:Создание Horse, имя [horse 25}], скорость [18.63869968216695}],
2022-09-14 21:35:17,816 DEBUG Horse:Создание Horse, имя [horse 26}], скорость [10.263859115006248}],
2022-09-14 21:35:17,816 DEBUG Horse:Создание Horse, имя [horse 27}], скорость [14.044384779154163}],
2022-09-14 21:35:17,817 DEBUG Horse:Создание Horse, имя [horse 28}], скорость [15.65908653574732}],
2022-09-14 21:35:17,817 DEBUG Horse:Создание Horse, имя [horse 29}], скорость [19.193905486973605}],
2022-09-14 21:35:17,817 DEBUG Hippodrome:Создание Hippodrome, лошадей [30]
2022-09-14 21:35:17,827 ERROR Hippodrome:Horses list is empty
2022-09-14 21:35:20,146 DEBUG Hippodrome:Создание Hippodrome, лошадей [50]
2022-09-14 21:35:20,409 ERROR Hippodrome:Horses list is empty
2022-09-14 21:35:20,418 DEBUG Horse:Создание Horse, имя [horse 0}], скорость [18.792542953703673}],
2022-09-14 21:35:20,418 DEBUG Horse:Создание Horse, имя [horse 1}], скорость [16.398777135674116}],
2022-09-14 21:35:20,419 DEBUG Horse:Создание Horse, имя [horse 2}], скорость [14.333425436137018}],
2022-09-14 21:35:20,419 DEBUG Horse:Создание Horse, имя [horse 3}], скорость [10.454389971349771}],
2022-09-14 21:35:20,419 DEBUG Horse:Создание Horse, имя [horse 4}], скорость [11.70571194375086}],
2022-09-14 21:35:20,419 DEBUG Horse:Создание Horse, имя [horse 5}], скорость [10.989632294970788}],
2022-09-14 21:35:20,419 DEBUG Horse:Создание Horse, имя [horse 6}], скорость [12.049303191796131}],
2022-09-14 21:35:20,420 DEBUG Horse:Создание Horse, имя [horse 7}], скорость [11.469266525153117}],
2022-09-14 21:35:20,420 DEBUG Horse:Создание Horse, имя [horse 8}], скорость [13.203570059600112}],
2022-09-14 21:35:20,420 DEBUG Horse:Создание Horse, имя [horse 9}], скорость [13.846461564746553}],
2022-09-14 21:35:20,420 DEBUG Horse:Создание Horse, имя [horse 10}], скорость [15.796503149264275}],
2022-09-14 21:35:20,420 DEBUG Horse:Создание Horse, имя [horse 11}], скорость [10.57563248687495}],
2022-09-14 21:35:20,421 DEBUG Horse:Создание Horse, имя [horse 12}], скорость [12.989853993466937}],
2022-09-14 21:35:20,421 DEBUG Horse:Создание Horse, имя [horse 13}], скорость [15.78702343986655}],
2022-09-14 21:35:20,421 DEBUG Horse:Создание Horse, имя [horse 14}], скорость [19.707070523312062}],
2022-09-14 21:35:20,421 DEBUG Horse:Создание Horse, имя [horse 15}], скорость [19.044685070722846}],
2022-09-14 21:35:20,421 DEBUG Horse:Создание Horse, имя [horse 16}], скорость [15.047453190213375}],
2022-09-14 21:35:20,422 DEBUG Horse:Создание Horse, имя [horse 17}], скорость [16.315290018125896}],
2022-09-14 21:35:20,422 DEBUG Horse:Создание Horse, имя [horse 18}], скорость [15.014062511182146}],
2022-09-14 21:35:20,422 DEBUG Horse:Создание Horse, имя [horse 19}], скорость [18.02946861550987}],
2022-09-14 21:35:20,422 DEBUG Horse:Создание Horse, имя [horse 20}], скорость [15.258030526213663}],
2022-09-14 21:35:20,422 DEBUG Horse:Создание Horse, имя [horse 21}], скорость [16.78921619114928}],
2022-09-14 21:35:20,423 DEBUG Horse:Создание Horse, имя [horse 22}], скорость [14.027796089073497}],
2022-09-14 21:35:20,423 DEBUG Horse:Создание Horse, имя [horse 23}], скорость [12.139750483815101}],
2022-09-14 21:35:20,423 DEBUG Horse:Создание Horse, имя [horse 24}], скорость [10.324450448364242}],
2022-09-14 21:35:20,423 DEBUG Horse:Создание Horse, имя [horse 25}], скорость [15.563689961865883}],
2022-09-14 21:35:20,424 DEBUG Horse:Создание Horse, имя [horse 26}], скорость [17.9760891041291}],
2022-09-14 21:35:20,424 DEBUG Horse:Создание Horse, имя [horse 27}], скорость [10.557420897444787}],
2022-09-14 21:35:20,424 DEBUG Horse:Создание Horse, имя [horse 28}], скорость [12.183327379431544}],
2022-09-14 21:35:20,424 DEBUG Horse:Создание Horse, имя [horse 29}], скорость [14.308191550313218}],
2022-09-14 21:35:20,425 DEBUG Hippodrome:Создание Hippodrome, лошадей [30]
2022-09-14 21:35:20,440 ERROR Hippodrome:Horses list is null
2022-09-14 21:35:36,305 DEBUG Horse:Создание Horse, имя [Name}], скорость [15.2}],
2022-09-14 21:35:36,346 DEBUG Horse:Создание Horse, имя [Name}], скорость [15.3}],
2022-09-14 21:35:36,355 DEBUG Horse:Создание Horse, имя [Name}], скорость [15.4}],
2022-09-14 21:35:36,376 ERROR Horse:Distance is negative
2022-09-14 21:35:36,391 ERROR Horse:Distance is negative
2022-09-14 21:35:36,400 ERROR Horse:Distance is negative
2022-09-14 21:35:38,403 DEBUG Horse:Создание Horse, имя [horseName}], скорость [15.2}],
2022-09-14 21:35:38,552 ERROR Horse:Name is null
2022-09-14 21:35:38,661 DEBUG Horse:Создание Horse, имя [firstName}], скорость [15.2}],
2022-09-14 21:35:38,678 DEBUG Horse:Создание Horse, имя [secondName}], скорость [15.2}],
2022-09-14 21:35:38,707 ERROR Horse:Speed is negative
2022-09-14 21:35:38,713 ERROR Horse:Speed is negative
2022-09-14 21:35:38,745 ERROR Horse:Speed is negative
2022-09-14 21:35:38,814 DEBUG Horse:Создание Horse, имя [a}], скорость [31.0}],
2022-09-14 21:35:38,873 DEBUG Horse:Создание Horse, имя [a}], скорость [31.0}],
2022-09-14 21:35:38,882 DEBUG Horse:Создание Horse, имя [a}], скорость [31.0}],
2022-09-14 21:35:38,913 ERROR Horse:Name is blank
2022-09-14 21:35:38,931 ERROR Horse:Name is blank
2022-09-14 21:35:38,945 ERROR Horse:Name is blank
2022-09-14 21:35:38,958 ERROR Horse:Name is blank
2022-09-14 21:35:38,967 DEBUG Horse:Создание Horse, имя [Name}], скорость [15.2}],
2022-09-14 21:35:39,022 ERROR Horse:Distance is negative
2022-09-14 21:35:39,034 ERROR Horse:Distance is negative
2022-09-14 21:35:39,060 ERROR Horse:Distance is negative
2022-09-14 21:35:39,079 DEBUG Horse:Создание Horse, имя [Name}], скорость [15.2}],
2022-09-14 21:35:39,089 DEBUG Horse:Создание Horse, имя [Name}], скорость [15.2}],
2022-09-14 21:35:39,104 DEBUG Horse:Создание Horse, имя [Name}], скорость [15.2}],
2022-09-14 21:35:39,115 ERROR Horse:Name is blank
2022-09-14 21:35:39,135 ERROR Horse:Name is blank
2022-09-14 21:35:39,144 ERROR Horse:Name is blank
2022-09-14 21:35:39,155 ERROR Horse:Name is blank
2022-09-14 21:35:39,170 ERROR Horse:Speed is negative
2022-09-14 21:35:39,180 ERROR Horse:Speed is negative
2022-09-14 21:35:39,186 ERROR Horse:Speed is negative
2022-09-14 21:35:39,192 ERROR Horse:Name is null
2022-09-14 21:35:39,212 ERROR Hippodrome:Horses list is null
2022-09-14 21:35:39,226 DEBUG Horse:Создание Horse, имя [horse 0}], скорость [14.584385962932634}],
2022-09-14 21:35:39,227 DEBUG Horse:Создание Horse, имя [horse 1}], скорость [11.244061275680142}],
2022-09-14 21:35:39,227 DEBUG Horse:Создание Horse, имя [horse 2}], скорость [13.347218317400282}],
2022-09-14 21:35:39,228 DEBUG Horse:Создание Horse, имя [horse 3}], скорость [12.12675451423112}],
2022-09-14 21:35:39,228 DEBUG Horse:Создание Horse, имя [horse 4}], скорость [17.286896972724225}],
2022-09-14 21:35:39,228 DEBUG Horse:Создание Horse, имя [horse 5}], скорость [15.393178308875992}],
2022-09-14 21:35:39,249 DEBUG Horse:Создание Horse, имя [horse 6}], скорость [18.501046397647208}],
2022-09-14 21:35:39,258 DEBUG Horse:Создание Horse, имя [horse 7}], скорость [11.058644163587596}],
2022-09-14 21:35:39,259 DEBUG Horse:Создание Horse, имя [horse 8}], скорость [18.50503363496923}],
2022-09-14 21:35:39,259 DEBUG Horse:Создание Horse, имя [horse 9}], скорость [19.90690457686057}],
2022-09-14 21:35:39,281 DEBUG Horse:Создание Horse, имя [horse 10}], скорость [16.918664490744604}],
2022-09-14 21:35:39,281 DEBUG Horse:Создание Horse, имя [horse 11}], скорость [17.343593826730125}],
2022-09-14 21:35:39,281 DEBUG Horse:Создание Horse, имя [horse 12}], скорость [10.785520749365533}],
2022-09-14 21:35:39,282 DEBUG Horse:Создание Horse, имя [horse 13}], скорость [19.176668419149465}],
2022-09-14 21:35:39,282 DEBUG Horse:Создание Horse, имя [horse 14}], скорость [12.792306650421871}],
2022-09-14 21:35:39,282 DEBUG Horse:Создание Horse, имя [horse 15}], скорость [16.856606528758544}],
2022-09-14 21:35:39,283 DEBUG Horse:Создание Horse, имя [horse 16}], скорость [18.17110992033715}],
2022-09-14 21:35:39,284 DEBUG Horse:Создание Horse, имя [horse 17}], скорость [18.6260782683045}],
2022-09-14 21:35:39,284 DEBUG Horse:Создание Horse, имя [horse 18}], скорость [13.790671988185132}],
2022-09-14 21:35:39,284 DEBUG Horse:Создание Horse, имя [horse 19}], скорость [15.310652526954964}],
2022-09-14 21:35:39,285 DEBUG Horse:Создание Horse, имя [horse 20}], скорость [14.039593895439282}],
2022-09-14 21:35:39,285 DEBUG Horse:Создание Horse, имя [horse 21}], скорость [12.5604404279059}],
2022-09-14 21:35:39,289 DEBUG Horse:Создание Horse, имя [horse 22}], скорость [11.897173741372853}],
2022-09-14 21:35:39,289 DEBUG Horse:Создание Horse, имя [horse 23}], скорость [19.065327934316755}],
2022-09-14 21:35:39,291 DEBUG Horse:Создание Horse, имя [horse 24}], скорость [18.054769843941514}],
2022-09-14 21:35:39,291 DEBUG Horse:Создание Horse, имя [horse 25}], скорость [15.357731961672009}],
2022-09-14 21:35:39,291 DEBUG Horse:Создание Horse, имя [horse 26}], скорость [19.226988189806413}],
2022-09-14 21:35:39,292 DEBUG Horse:Создание Horse, имя [horse 27}], скорость [14.437034150721324}],
2022-09-14 21:35:39,293 DEBUG Horse:Создание Horse, имя [horse 28}], скорость [19.66862047901119}],
2022-09-14 21:35:39,294 DEBUG Horse:Создание Horse, имя [horse 29}], скорость [11.655630436357358}],
2022-09-14 21:35:39,294 DEBUG Hippodrome:Создание Hippodrome, лошадей [30]
2022-09-14 21:35:39,360 ERROR Hippodrome:Horses list is empty
2022-09-14 21:35:39,607 DEBUG Hippodrome:Создание Hippodrome, лошадей [50]
2022-09-14 21:35:39,693 ERROR Hippodrome:Horses list is empty
2022-09-14 21:35:39,720 DEBUG Horse:Создание Horse, имя [horse 0}], скорость [18.337368139071536}],
2022-09-14 21:35:39,721 DEBUG Horse:Создание Horse, имя [horse 1}], скорость [11.560787069902014}],
2022-09-14 21:35:39,721 DEBUG Horse:Создание Horse, имя [horse 2}], скорость [11.717497854162351}],
2022-09-14 21:35:39,721 DEBUG Horse:Создание Horse, имя [horse 3}], скорость [17.05834459576444}],
2022-09-14 21:35:39,722 DEBUG Horse:Создание Horse, имя [horse 4}], скорость [17.8054540301636}],
2022-09-14 21:35:39,722 DEBUG Horse:Создание Horse, имя [horse 5}], скорость [16.12915622192046}],
2022-09-14 21:35:39,722 DEBUG Horse:Создание Horse, имя [horse 6}], скорость [16.571113520888417}],
2022-09-14 21:35:39,722 DEBUG Horse:Создание Horse, имя [horse 7}], скорость [12.068627744579155}],
2022-09-14 21:35:39,723 DEBUG Horse:Создание Horse, имя [horse 8}], скорость [12.920075606547972}],
2022-09-14 21:35:39,723 DEBUG Horse:Создание Horse, имя [horse 9}], скорость [19.921726305944095}],
2022-09-14 21:35:39,723 DEBUG Horse:Создание Horse, имя [horse 10}], скорость [19.021649790822895}],
2022-09-14 21:35:39,723 DEBUG Horse:Создание Horse, имя [horse 11}], скорость [18.444499268609405}],
2022-09-14 21:35:39,724 DEBUG Horse:Создание Horse, имя [horse 12}], скорость [18.218810375333042}],
2022-09-14 21:35:39,724 DEBUG Horse:Создание Horse, имя [horse 13}], скорость [18.938861751471613}],
2022-09-14 21:35:39,724 DEBUG Horse:Создание Horse, имя [horse 14}], скорость [14.641324854521805}],
2022-09-14 21:35:39,724 DEBUG Horse:Создание Horse, имя [horse 15}], скорость [18.98683798748761}],
2022-09-14 21:35:39,724 DEBUG Horse:Создание Horse, имя [horse 16}], скорость [13.298823974056548}],
2022-09-14 21:35:39,725 DEBUG Horse:Создание Horse, имя [horse 17}], скорость [16.16644631926318}],
2022-09-14 21:35:39,748 DEBUG Horse:Создание Horse, имя [horse 18}], скорость [19.69026172142974}],
2022-09-14 21:35:39,748 DEBUG Horse:Создание Horse, имя [horse 19}], скорость [18.883151526583877}],
2022-09-14 21:35:39,748 DEBUG Horse:Создание Horse, имя [horse 20}], скорость [15.839786287438466}],
2022-09-14 21:35:39,748 DEBUG Horse:Создание Horse, имя [horse 21}], скорость [14.523663273044619}],
2022-09-14 21:35:39,749 DEBUG Horse:Создание Horse, имя [horse 22}], скорость [18.822522593407733}],
2022-09-14 21:35:39,753 DEBUG Horse:Создание Horse, имя [horse 23}], скорость [19.164471288975726}],
2022-09-14 21:35:39,754 DEBUG Horse:Создание Horse, имя [horse 24}], скорость [16.099423828426705}],
2022-09-14 21:35:39,755 DEBUG Horse:Создание Horse, имя [horse 25}], скорость [14.383766143695064}],
2022-09-14 21:35:39,756 DEBUG Horse:Создание Horse, имя [horse 26}], скорость [19.816688139281947}],
2022-09-14 21:35:39,756 DEBUG Horse:Создание Horse, имя [horse 27}], скорость [10.576453087288321}],
2022-09-14 21:35:39,757 DEBUG Horse:Создание Horse, имя [horse 28}], скорость [15.277031567804373}],
2022-09-14 21:35:39,757 DEBUG Horse:Создание Horse, имя [horse 29}], скорость [19.20818613269764}],
2022-09-14 21:35:39,757 DEBUG Hippodrome:Создание Hippodrome, лошадей [30]
2022-09-14 21:35:39,796 ERROR Hippodrome:Horses list is null
